<?xml version="1.0" encoding="UTF-8"?>
<testng-results ignored="0" total="1" passed="1" failed="0" skipped="0">
  <reporter-output>
  </reporter-output>
  <suite started-at="2022-07-19T11:34:19 IST" name="Default suite" finished-at="2022-07-19T11:34:20 IST" duration-ms="179">
    <groups>
    </groups>
    <test started-at="2022-07-19T11:34:19 IST" name="Default test" finished-at="2022-07-19T11:34:20 IST" duration-ms="179">
      <class name="packageTest1.Tysstest1">
        <test-method signature="TestMavenTest()[pri:0, instance:packageTest1.Tysstest1@33990a0c]" started-at="2022-07-19T11:34:20 IST" name="TestMavenTest" finished-at="2022-07-19T11:34:20 IST" duration-ms="38" status="PASS">
          <reporter-output>
          </reporter-output>
        </test-method> <!-- TestMavenTest -->
      </class> <!-- packageTest1.Tysstest1 -->
    </test> <!-- Default test -->
  </suite> <!-- Default suite -->
</testng-results>
